# JRE version: Java(TM) SE Runtime Environment (8.0_121-b13) (build 1.8.0_121-b13)
# Java VM: Java HotSpot(TM) 64-Bit Server VM (25.121-b13 mixed mode windows-amd64 compressed oops)
Heap:
 PSYoungGen      total 103424K, used 27105K [0x00000000d6000000, 0x00000000dcf00000, 0x0000000100000000)
  eden space 92672K, 25% used [0x00000000d6000000,0x00000000d76b9c38,0x00000000dba80000)
  from space 10752K, 35% used [0x00000000dc480000,0x00000000dc83e9a0,0x00000000dcf00000)
  to   space 10240K, 0% used [0x00000000dba80000,0x00000000dba80000,0x00000000dc480000)
 ParOldGen       total 102912K, used 61964K [0x0000000082000000, 0x0000000088480000, 0x00000000d6000000)
  object space 102912K, 60% used [0x0000000082000000,0x0000000085c83038,0x0000000088480000)
 Metaspace       used 31625K, capacity 32834K, committed 33024K, reserved 1077248K
  class space    used 4290K, capacity 4570K, committed 4608K, reserved 1048576K
GC Heap History (10 events):
Event: 18.128 GC heap before
{Heap before GC invocations=8 (full 1):
 PSYoungGen      total 45056K, used 29031K [0x00000000d6000000, 0x00000000db400000, 0x0000000100000000)
  eden space 33280K, 87% used [0x00000000d6000000,0x00000000d7c59f48,0x00000000d8080000)
  from space 11776K, 0% used [0x00000000d8b00000,0x00000000d8b00000,0x00000000d9680000)
  to   space 10752K, 0% used [0x00000000d8080000,0x00000000d8080000,0x00000000d8b00000)
 ParOldGen       total 49152K, used 7537K [0x0000000082000000, 0x0000000085000000, 0x00000000d6000000)
  object space 49152K, 15% used [0x0000000082000000,0x000000008275c4a8,0x0000000085000000)
 Metaspace       used 24593K, capacity 25470K, committed 25600K, reserved 1071104K
  class space    used 3352K, capacity 3556K, committed 3584K, reserved 1048576K
Event: 18.140 GC heap after
Heap after GC invocations=8 (full 1):
 PSYoungGen      total 44032K, used 3231K [0x00000000d6000000, 0x00000000db200000, 0x0000000100000000)
  eden space 33280K, 0% used [0x00000000d6000000,0x00000000d6000000,0x00000000d8080000)
  from space 10752K, 30% used [0x00000000d8080000,0x00000000d83a7c40,0x00000000d8b00000)
  to   space 10752K, 0% used [0x00000000da780000,0x00000000da780000,0x00000000db200000)
 ParOldGen       total 49152K, used 7545K [0x0000000082000000, 0x0000000085000000, 0x00000000d6000000)
  object space 49152K, 15% used [0x0000000082000000,0x000000008275e4a8,0x0000000085000000)
 Metaspace       used 24593K, capacity 25470K, committed 25600K, reserved 1071104K
  class space    used 3352K, capacity 3556K, committed 3584K, reserved 1048576K
}
Event: 22.320 GC heap before
{Heap before GC invocations=9 (full 1):
 PSYoungGen      total 44032K, used 36511K [0x00000000d6000000, 0x00000000db200000, 0x0000000100000000)
  eden space 33280K, 100% used [0x00000000d6000000,0x00000000d8080000,0x00000000d8080000)
  from space 10752K, 30% used [0x00000000d8080000,0x00000000d83a7c40,0x00000000d8b00000)
  to   space 10752K, 0% used [0x00000000da780000,0x00000000da780000,0x00000000db200000)
 ParOldGen       total 49152K, used 7545K [0x0000000082000000, 0x0000000085000000, 0x00000000d6000000)
  object space 49152K, 15% used [0x0000000082000000,0x000000008275e4a8,0x0000000085000000)
 Metaspace       used 26136K, capacity 27136K, committed 27392K, reserved 1073152K
  class space    used 3587K, capacity 3831K, committed 3840K, reserved 1048576K
Event: 22.352 GC heap after
Heap after GC invocations=9 (full 1):
 PSYoungGen      total 72192K, used 3094K [0x00000000d6000000, 0x00000000db180000, 0x0000000100000000)
  eden space 61952K, 0% used [0x00000000d6000000,0x00000000d6000000,0x00000000d9c80000)
  from space 10240K, 30% used [0x00000000da780000,0x00000000daa85988,0x00000000db180000)
  to   space 10752K, 0% used [0x00000000d9c80000,0x00000000d9c80000,0x00000000da700000)
 ParOldGen       total 49152K, used 23937K [0x0000000082000000, 0x0000000085000000, 0x00000000d6000000)
  object space 49152K, 48% used [0x0000000082000000,0x00000000837604b8,0x0000000085000000)
 Metaspace       used 26136K, capacity 27136K, committed 27392K, reserved 1073152K
  class space    used 3587K, capacity 3831K, committed 3840K, reserved 1048576K
}
Event: 154.569 GC heap before
{Heap before GC invocations=10 (full 1):
 PSYoungGen      total 72192K, used 64999K [0x00000000d6000000, 0x00000000db180000, 0x0000000100000000)
  eden space 61952K, 99% used [0x00000000d6000000,0x00000000d9c74630,0x00000000d9c80000)
  from space 10240K, 30% used [0x00000000da780000,0x00000000daa85988,0x00000000db180000)
  to   space 10752K, 0% used [0x00000000d9c80000,0x00000000d9c80000,0x00000000da700000)
 ParOldGen       total 49152K, used 23937K [0x0000000082000000, 0x0000000085000000, 0x00000000d6000000)
  object space 49152K, 48% used [0x0000000082000000,0x00000000837604b8,0x0000000085000000)
 Metaspace       used 28507K, capacity 29726K, committed 29824K, reserved 1075200K
  class space    used 3874K, capacity 4144K, committed 4224K, reserved 1048576K
Event: 154.594 GC heap after
Heap after GC invocations=10 (full 1):
 PSYoungGen      total 72704K, used 6029K [0x00000000d6000000, 0x00000000dcf00000, 0x0000000100000000)
  eden space 61952K, 0% used [0x00000000d6000000,0x00000000d6000000,0x00000000d9c80000)
  from space 10752K, 56% used [0x00000000d9c80000,0x00000000da263720,0x00000000da700000)
  to   space 10752K, 0% used [0x00000000dc480000,0x00000000dc480000,0x00000000dcf00000)
 ParOldGen       total 49152K, used 40329K [0x0000000082000000, 0x0000000085000000, 0x00000000d6000000)
  object space 49152K, 82% used [0x0000000082000000,0x00000000847624c8,0x0000000085000000)
 Metaspace       used 28507K, capacity 29726K, committed 29824K, reserved 1075200K
  class space    used 3874K, capacity 4144K, committed 4224K, reserved 1048576K
}
Event: 154.594 GC heap before
{Heap before GC invocations=11 (full 2):
 PSYoungGen      total 72704K, used 6029K [0x00000000d6000000, 0x00000000dcf00000, 0x0000000100000000)
  eden space 61952K, 0% used [0x00000000d6000000,0x00000000d6000000,0x00000000d9c80000)
  from space 10752K, 56% used [0x00000000d9c80000,0x00000000da263720,0x00000000da700000)
  to   space 10752K, 0% used [0x00000000dc480000,0x00000000dc480000,0x00000000dcf00000)
 ParOldGen       total 49152K, used 40329K [0x0000000082000000, 0x0000000085000000, 0x00000000d6000000)
  object space 49152K, 82% used [0x0000000082000000,0x00000000847624c8,0x0000000085000000)
 Metaspace       used 28507K, capacity 29726K, committed 29824K, reserved 1075200K
  class space    used 3874K, capacity 4144K, committed 4224K, reserved 1048576K
Event: 154.784 GC heap after
Heap after GC invocations=11 (full 2):
 PSYoungGen      total 72704K, used 0K [0x00000000d6000000, 0x00000000dcf00000, 0x0000000100000000)
  eden space 61952K, 0% used [0x00000000d6000000,0x00000000d6000000,0x00000000d9c80000)
  from space 10752K, 0% used [0x00000000d9c80000,0x00000000d9c80000,0x00000000da700000)
  to   space 10752K, 0% used [0x00000000dc480000,0x00000000dc480000,0x00000000dcf00000)
 ParOldGen       total 102912K, used 45508K [0x0000000082000000, 0x0000000088480000, 0x00000000d6000000)
  object space 102912K, 44% used [0x0000000082000000,0x0000000084c71018,0x0000000088480000)
 Metaspace       used 28507K, capacity 29726K, committed 29824K, reserved 1075200K
  class space    used 3874K, capacity 4144K, committed 4224K, reserved 1048576K
}
Event: 186.655 GC heap before
{Heap before GC invocations=12 (full 2):
 PSYoungGen      total 72704K, used 61952K [0x00000000d6000000, 0x00000000dcf00000, 0x0000000100000000)
  eden space 61952K, 100% used [0x00000000d6000000,0x00000000d9c80000,0x00000000d9c80000)
  from space 10752K, 0% used [0x00000000d9c80000,0x00000000d9c80000,0x00000000da700000)
  to   space 10752K, 0% used [0x00000000dc480000,0x00000000dc480000,0x00000000dcf00000)
 ParOldGen       total 102912K, used 45508K [0x0000000082000000, 0x0000000088480000, 0x00000000d6000000)
  object space 102912K, 44% used [0x0000000082000000,0x0000000084c71018,0x0000000088480000)
 Metaspace       used 30340K, capacity 31510K, committed 31744K, reserved 1077248K
  class space    used 4084K, capacity 4344K, committed 4352K, reserved 1048576K
Event: 186.674 GC heap after
Heap after GC invocations=12 (full 2):
 PSYoungGen      total 103424K, used 3834K [0x00000000d6000000, 0x00000000dcf00000, 0x0000000100000000)
  eden space 92672K, 0% used [0x00000000d6000000,0x00000000d6000000,0x00000000dba80000)
  from space 10752K, 35% used [0x00000000dc480000,0x00000000dc83e9a0,0x00000000dcf00000)
  to   space 10240K, 0% used [0x00000000dba80000,0x00000000dba80000,0x00000000dc480000)
 ParOldGen       total 102912K, used 61964K [0x0000000082000000, 0x0000000088480000, 0x00000000d6000000)
  object space 102912K, 60% used [0x0000000082000000,0x0000000085c83038,0x0000000088480000)
 Metaspace       used 30340K, capacity 31510K, committed 31744K, reserved 1077248K
  class space    used 4084K, capacity 4344K, committed 4352K, reserved 1048576K
}

