# JRE version: Java(TM) SE Runtime Environment (8.0_121-b13) (build 1.8.0_121-b13)
# Java VM: Java HotSpot(TM) 64-Bit Server VM (25.121-b13 mixed mode windows-amd64 compressed oops)
Heap:
 PSYoungGen      total 56320K, used 7030K [0x00000000d6000000, 0x00000000dae00000, 0x0000000100000000)
  eden space 52736K, 6% used [0x00000000d6000000,0x00000000d6372c78,0x00000000d9380000)
  from space 3584K, 97% used [0x00000000daa80000,0x00000000dadeae58,0x00000000dae00000)
  to   space 10752K, 0% used [0x00000000d9900000,0x00000000d9900000,0x00000000da380000)
 ParOldGen       total 61952K, used 25899K [0x0000000082000000, 0x0000000085c80000, 0x00000000d6000000)
  object space 61952K, 41% used [0x0000000082000000,0x000000008394ae48,0x0000000085c80000)
 Metaspace       used 24436K, capacity 25487K, committed 25728K, reserved 1071104K
  class space    used 3369K, capacity 3616K, committed 3712K, reserved 1048576K
GC Heap History (10 events):
Event: 7.787 GC heap before
{Heap before GC invocations=3 (full 0):
 PSYoungGen      total 37888K, used 36712K [0x00000000d6000000, 0x00000000d8a00000, 0x0000000100000000)
  eden space 32768K, 100% used [0x00000000d6000000,0x00000000d8000000,0x00000000d8000000)
  from space 5120K, 77% used [0x00000000d8500000,0x00000000d88da030,0x00000000d8a00000)
  to   space 5120K, 0% used [0x00000000d8000000,0x00000000d8000000,0x00000000d8500000)
 ParOldGen       total 86016K, used 16K [0x0000000082000000, 0x0000000087400000, 0x00000000d6000000)
  object space 86016K, 0% used [0x0000000082000000,0x0000000082004000,0x0000000087400000)
 Metaspace       used 13530K, capacity 13836K, committed 13952K, reserved 1060864K
  class space    used 1763K, capacity 1860K, committed 1920K, reserved 1048576K
Event: 7.801 GC heap after
Heap after GC invocations=3 (full 0):
 PSYoungGen      total 37888K, used 5099K [0x00000000d6000000, 0x00000000d8a00000, 0x0000000100000000)
  eden space 32768K, 0% used [0x00000000d6000000,0x00000000d6000000,0x00000000d8000000)
  from space 5120K, 99% used [0x00000000d8000000,0x00000000d84fae30,0x00000000d8500000)
  to   space 5120K, 0% used [0x00000000d8500000,0x00000000d8500000,0x00000000d8a00000)
 ParOldGen       total 86016K, used 746K [0x0000000082000000, 0x0000000087400000, 0x00000000d6000000)
  object space 86016K, 0% used [0x0000000082000000,0x00000000820ba940,0x0000000087400000)
 Metaspace       used 13530K, capacity 13836K, committed 13952K, reserved 1060864K
  class space    used 1763K, capacity 1860K, committed 1920K, reserved 1048576K
}
Event: 9.204 GC heap before
{Heap before GC invocations=4 (full 0):
 PSYoungGen      total 37888K, used 37867K [0x00000000d6000000, 0x00000000d8a00000, 0x0000000100000000)
  eden space 32768K, 100% used [0x00000000d6000000,0x00000000d8000000,0x00000000d8000000)
  from space 5120K, 99% used [0x00000000d8000000,0x00000000d84fae30,0x00000000d8500000)
  to   space 5120K, 0% used [0x00000000d8500000,0x00000000d8500000,0x00000000d8a00000)
 ParOldGen       total 86016K, used 746K [0x0000000082000000, 0x0000000087400000, 0x00000000d6000000)
  object space 86016K, 0% used [0x0000000082000000,0x00000000820ba940,0x0000000087400000)
 Metaspace       used 16556K, capacity 16930K, committed 17280K, reserved 1064960K
  class space    used 2196K, capacity 2339K, committed 2432K, reserved 1048576K
Event: 9.231 GC heap after
Heap after GC invocations=4 (full 0):
 PSYoungGen      total 37888K, used 5115K [0x00000000d6000000, 0x00000000d8a00000, 0x0000000100000000)
  eden space 32768K, 0% used [0x00000000d6000000,0x00000000d6000000,0x00000000d8000000)
  from space 5120K, 99% used [0x00000000d8500000,0x00000000d89fed00,0x00000000d8a00000)
  to   space 5120K, 0% used [0x00000000d8000000,0x00000000d8000000,0x00000000d8500000)
 ParOldGen       total 86016K, used 4085K [0x0000000082000000, 0x0000000087400000, 0x00000000d6000000)
  object space 86016K, 4% used [0x0000000082000000,0x00000000823fd7b0,0x0000000087400000)
 Metaspace       used 16556K, capacity 16930K, committed 17280K, reserved 1064960K
  class space    used 2196K, capacity 2339K, committed 2432K, reserved 1048576K
}
Event: 10.889 GC heap before
{Heap before GC invocations=5 (full 0):
 PSYoungGen      total 37888K, used 32173K [0x00000000d6000000, 0x00000000d8a00000, 0x0000000100000000)
  eden space 32768K, 82% used [0x00000000d6000000,0x00000000d7a6c9e8,0x00000000d8000000)
  from space 5120K, 99% used [0x00000000d8500000,0x00000000d89fed00,0x00000000d8a00000)
  to   space 5120K, 0% used [0x00000000d8000000,0x00000000d8000000,0x00000000d8500000)
 ParOldGen       total 86016K, used 4085K [0x0000000082000000, 0x0000000087400000, 0x00000000d6000000)
  object space 86016K, 4% used [0x0000000082000000,0x00000000823fd7b0,0x0000000087400000)
 Metaspace       used 20626K, capacity 21261K, committed 21296K, reserved 1067008K
  class space    used 2779K, capacity 2944K, committed 2944K, reserved 1048576K
Event: 10.914 GC heap after
Heap after GC invocations=5 (full 0):
 PSYoungGen      total 37888K, used 5099K [0x00000000d6000000, 0x00000000db500000, 0x0000000100000000)
  eden space 32768K, 0% used [0x00000000d6000000,0x00000000d6000000,0x00000000d8000000)
  from space 5120K, 99% used [0x00000000d8000000,0x00000000d84fad20,0x00000000d8500000)
  to   space 10752K, 0% used [0x00000000daa80000,0x00000000daa80000,0x00000000db500000)
 ParOldGen       total 86016K, used 7722K [0x0000000082000000, 0x0000000087400000, 0x00000000d6000000)
  object space 86016K, 8% used [0x0000000082000000,0x000000008278a858,0x0000000087400000)
 Metaspace       used 20626K, capacity 21261K, committed 21296K, reserved 1067008K
  class space    used 2779K, capacity 2944K, committed 2944K, reserved 1048576K
}
Event: 10.914 GC heap before
{Heap before GC invocations=6 (full 1):
 PSYoungGen      total 37888K, used 5099K [0x00000000d6000000, 0x00000000db500000, 0x0000000100000000)
  eden space 32768K, 0% used [0x00000000d6000000,0x00000000d6000000,0x00000000d8000000)
  from space 5120K, 99% used [0x00000000d8000000,0x00000000d84fad20,0x00000000d8500000)
  to   space 10752K, 0% used [0x00000000daa80000,0x00000000daa80000,0x00000000db500000)
 ParOldGen       total 86016K, used 7722K [0x0000000082000000, 0x0000000087400000, 0x00000000d6000000)
  object space 86016K, 8% used [0x0000000082000000,0x000000008278a858,0x0000000087400000)
 Metaspace       used 20626K, capacity 21261K, committed 21296K, reserved 1067008K
  class space    used 2779K, capacity 2944K, committed 2944K, reserved 1048576K
Event: 11.006 GC heap after
Heap after GC invocations=6 (full 1):
 PSYoungGen      total 37888K, used 0K [0x00000000d6000000, 0x00000000db500000, 0x0000000100000000)
  eden space 32768K, 0% used [0x00000000d6000000,0x00000000d6000000,0x00000000d8000000)
  from space 5120K, 0% used [0x00000000d8000000,0x00000000d8000000,0x00000000d8500000)
  to   space 10752K, 0% used [0x00000000daa80000,0x00000000daa80000,0x00000000db500000)
 ParOldGen       total 61952K, used 9507K [0x0000000082000000, 0x0000000085c80000, 0x00000000d6000000)
  object space 61952K, 15% used [0x0000000082000000,0x0000000082948e38,0x0000000085c80000)
 Metaspace       used 20626K, capacity 21261K, committed 21296K, reserved 1067008K
  class space    used 2779K, capacity 2944K, committed 2944K, reserved 1048576K
}
Event: 16.306 GC heap before
{Heap before GC invocations=7 (full 1):
 PSYoungGen      total 37888K, used 32768K [0x00000000d6000000, 0x00000000db500000, 0x0000000100000000)
  eden space 32768K, 100% used [0x00000000d6000000,0x00000000d8000000,0x00000000d8000000)
  from space 5120K, 0% used [0x00000000d8000000,0x00000000d8000000,0x00000000d8500000)
  to   space 10752K, 0% used [0x00000000daa80000,0x00000000daa80000,0x00000000db500000)
 ParOldGen       total 61952K, used 25891K [0x0000000082000000, 0x0000000085c80000, 0x00000000d6000000)
  object space 61952K, 41% used [0x0000000082000000,0x0000000083948e48,0x0000000085c80000)
 Metaspace       used 24270K, capacity 25245K, committed 25344K, reserved 1071104K
  class space    used 3346K, capacity 3581K, committed 3584K, reserved 1048576K
Event: 16.420 GC heap after
Heap after GC invocations=7 (full 1):
 PSYoungGen      total 56320K, used 3499K [0x00000000d6000000, 0x00000000dae00000, 0x0000000100000000)
  eden space 52736K, 0% used [0x00000000d6000000,0x00000000d6000000,0x00000000d9380000)
  from space 3584K, 97% used [0x00000000daa80000,0x00000000dadeae58,0x00000000dae00000)
  to   space 10752K, 0% used [0x00000000d9900000,0x00000000d9900000,0x00000000da380000)
 ParOldGen       total 61952K, used 25899K [0x0000000082000000, 0x0000000085c80000, 0x00000000d6000000)
  object space 61952K, 41% used [0x0000000082000000,0x000000008394ae48,0x0000000085c80000)
 Metaspace       used 24270K, capacity 25245K, committed 25344K, reserved 1071104K
  class space    used 3346K, capacity 3581K, committed 3584K, reserved 1048576K
}

